#
# There is insufficient memory for the Java Runtime Environment to continue.
# Native memory allocation (mmap) failed to map 264241152 bytes. Error detail: G1 virtual space
# Possible reasons:
#   The system is out of physical RAM or swap space
#   This process is running with CompressedOops enabled, and the Java Heap may be blocking the growth of the native heap
# Possible solutions:
#   Reduce memory load on the system
#   Increase physical memory or swap space
#   Check if swap backing store is full
#   Decrease Java heap size (-Xmx/-Xms)
#   Decrease number of Java threads
#   Decrease Java thread stack sizes (-Xss)
#   Set larger code cache with -XX:ReservedCodeCacheSize=
#   JVM is running with Zero Based Compressed Oops mode in which the Java heap is
#     placed in the first 32GB address space. The Java Heap base address is the
#     maximum limit for the native heap growth. Please use -XX:HeapBaseMinAddress
#     to set the Java Heap base and to place the Java Heap above 32GB virtual address.
# This output file may be truncated or incomplete.
#
#  Out of Memory Error (os_windows.cpp:3716), pid=52532, tid=44592
#
# JRE version:  (21.0.9+10) (build )
# Java VM: OpenJDK 64-Bit Server VM (21.0.9+10-LTS, mixed mode, sharing, tiered, compressed oops, compressed class ptrs, g1 gc, windows-amd64)
# No core dump will be written. Minidumps are not enabled by default on client versions of Windows
#

---------------  S U M M A R Y ------------

Command Line: C:\Users\21677\AppData\Local\Temp\surefire4289449492210085077\surefirebooter-20260306215253139_3.jar C:\Users\21677\AppData\Local\Temp\surefire4289449492210085077 2026-03-06T21-52-50_623-jvmRun1 surefire-20260306215253139_1tmp surefire_0-20260306215253139_2tmp

Host: 12th Gen Intel(R) Core(TM) i5-12500H, 16 cores, 15G,  Windows 11 , 64 bit Build 26100 (10.0.26100.7920)
Time: Fri Mar  6 21:52:53 2026 elapsed time: 0.010612 seconds (0d 0h 0m 0s)

---------------  T H R E A D  ---------------

Current thread (0x0000023de514efe0):  JavaThread "Unknown thread" [_thread_in_vm, id=44592, stack(0x000000a8d9900000,0x000000a8d9a00000) (1024K)]

Stack: [0x000000a8d9900000,0x000000a8d9a00000]
Native frames: (J=compiled Java code, j=interpreted, Vv=VM code, C=native code)
V  [jvm.dll+0x6df259]  (no source info available)
V  [jvm.dll+0x8bfe4b]  (no source info available)
V  [jvm.dll+0x8c23da]  (no source info available)
V  [jvm.dll+0x8c2ab3]  (no source info available)
V  [jvm.dll+0x28a416]  (no source info available)
V  [jvm.dll+0x6de705]  (no source info available)
V  [jvm.dll+0x6d264a]  (no source info available)
V  [jvm.dll+0x36742e]  (no source info available)
V  [jvm.dll+0x36f2fb]  (no source info available)
V  [jvm.dll+0x3c0c99]  (no source info available)
V  [jvm.dll+0x3c0f3b]  (no source info available)
V  [jvm.dll+0x33ace7]  (no source info available)
V  [jvm.dll+0x33b82b]  (no source info available)
V  [jvm.dll+0x88976e]  (no source info available)
V  [jvm.dll+0x3cdbf1]  (no source info available)
V  [jvm.dll+0x87267c]  (no source info available)
V  [jvm.dll+0x461751]  (no source info available)
V  [jvm.dll+0x463391]  (no source info available)
C  [jli.dll+0x52f0]  (no source info available)
C  [ucrtbase.dll+0x37b0]  (no source info available)
C  [KERNEL32.DLL+0x2e8d7]  (no source info available)
C  [ntdll.dll+0x8c48c]  (no source info available)


---------------  P R O C E S S  ---------------

Threads class SMR info:
_java_thread_list=0x00007ff90e847288, length=0, elements={
}

Java Threads: ( => current thread )
Total: 0

Other Threads:
  0x0000023de51b56d0 WorkerThread "GC Thread#0"                     [id=45268, stack(0x000000a8d9a00000,0x000000a8d9b00000) (1024K)]
  0x0000023de5205010 ConcurrentGCThread "G1 Main Marker"            [id=15908, stack(0x000000a8d9b00000,0x000000a8d9c00000) (1024K)]
  0x0000023de5205c30 WorkerThread "G1 Conc#0"                       [id=43384, stack(0x000000a8d9c00000,0x000000a8d9d00000) (1024K)]

[error occurred during error reporting (printing all threads), id 0xc0000005, EXCEPTION_ACCESS_VIOLATION (0xc0000005) at pc=0x00007ff90df3d7a7]
VM state: not at safepoint (not fully initialized)

VM Mutex/Monitor currently owned by a thread:  ([mutex/lock_event])
[0x00007ff90e8bb9b0] Heap_lock - owner thread: 0x0000023de514efe0

Heap address: 0x0000000704e00000, size: 4018 MB, Compressed Oops mode: Zero based, Oop shift amount: 3

CDS archive(s) mapped at: [0x0000000000000000-0x0000000000000000-0x0000000000000000), size 0, SharedBaseAddress: 0x0000000800000000, ArchiveRelocationMode: 1.
Narrow klass base: 0x0000000000000000, Narrow klass shift: 0, Narrow klass range: 0x0

GC Precious Log:
 CardTable entry size: 512
 Card Set container configuration: InlinePtr #cards 4 size 8 Array Of Cards #cards 16 size 48 Howl #buckets 8 coarsen threshold 3686 Howl Bitmap #cards 512 size 80 coarsen threshold 460 Card regions per heap region 1 cards per card region 4096

Heap:
 garbage-first heap   total 0K, used 0K [0x0000000704e00000, 0x0000000800000000)
  region size 2048K, 0 young (0K), 0 survivors (0K)

[error occurred during error reporting (printing heap information), id 0xc0000005, EXCEPTION_ACCESS_VIOLATION (0xc0000005) at pc=0x00007ff90e32c219]
GC Heap History (0 events):
No events

Dll operation events (1 events):
Event: 0.007 Loaded shared library C:\Users\21677\.jdks\ms-21.0.9\bin\java.dll

Deoptimization events (0 events):
No events

Classes loaded (0 events):
No events

Classes unloaded (0 events):
No events

Classes redefined (0 events):
No events

Internal exceptions (0 events):
No events

ZGC Phase Switch (0 events):
No events

VM Operations (0 events):
No events

Memory protections (0 events):
No events

Nmethod flushes (0 events):
No events

Events (0 events):
No events


Dynamic libraries:
0x00007ff735130000 - 0x00007ff73513e000 	C:\Users\21677\.jdks\ms-21.0.9\bin\java.exe
0x00007ff9e75e0000 - 0x00007ff9e7847000 	C:\WINDOWS\SYSTEM32\ntdll.dll
0x00007ff9e6ee0000 - 0x00007ff9e6fa9000 	C:\WINDOWS\System32\KERNEL32.DLL
0x00007ff9e4f80000 - 0x00007ff9e5371000 	C:\WINDOWS\System32\KERNELBASE.dll
0x00007ff9e4b10000 - 0x00007ff9e4c5b000 	C:\WINDOWS\System32\ucrtbase.dll
0x00007ff9d0a50000 - 0x00007ff9d0a6e000 	C:\Users\21677\.jdks\ms-21.0.9\bin\VCRUNTIME140.dll
0x00007ff9d0a70000 - 0x00007ff9d0a88000 	C:\Users\21677\.jdks\ms-21.0.9\bin\jli.dll
0x00007ff9e6d10000 - 0x00007ff9e6ed5000 	C:\WINDOWS\System32\USER32.dll
0x00007ff9e4f50000 - 0x00007ff9e4f77000 	C:\WINDOWS\System32\win32u.dll
0x00007ff9c4270000 - 0x00007ff9c4503000 	C:\WINDOWS\WinSxS\amd64_microsoft.windows.common-controls_6595b64144ccf1df_6.0.26100.7922_none_3e089e1ee3342171\COMCTL32.dll
0x00007ff9e74f0000 - 0x00007ff9e751b000 	C:\WINDOWS\System32\GDI32.dll
0x00007ff9e5a60000 - 0x00007ff9e5b09000 	C:\WINDOWS\System32\msvcrt.dll
0x00007ff9e40b0000 - 0x00007ff9e41da000 	C:\WINDOWS\System32\gdi32full.dll
0x00007ff9e3ec0000 - 0x00007ff9e3f63000 	C:\WINDOWS\System32\msvcp_win.dll
0x00007ff9e6fb0000 - 0x00007ff9e6fe1000 	C:\WINDOWS\System32\IMM32.DLL
0x00007ff9d0a40000 - 0x00007ff9d0a4c000 	C:\Users\21677\.jdks\ms-21.0.9\bin\vcruntime140_1.dll
0x00007ff9a5f60000 - 0x00007ff9a5fe9000 	C:\Users\21677\.jdks\ms-21.0.9\bin\msvcp140.dll
0x00007ff90dbf0000 - 0x00007ff90e99d000 	C:\Users\21677\.jdks\ms-21.0.9\bin\server\jvm.dll
0x00007ff9e5b50000 - 0x00007ff9e5c0b000 	C:\WINDOWS\System32\ADVAPI32.dll
0x00007ff9e69c0000 - 0x00007ff9e6a67000 	C:\WINDOWS\System32\sechost.dll
0x00007ff9e5c10000 - 0x00007ff9e5d28000 	C:\WINDOWS\System32\RPCRT4.dll
0x00007ff9e6c80000 - 0x00007ff9e6cf4000 	C:\WINDOWS\System32\WS2_32.dll
0x00007ff9e3d20000 - 0x00007ff9e3d7e000 	C:\WINDOWS\SYSTEM32\POWRPROF.dll
0x00007ff9d9ee0000 - 0x00007ff9d9eeb000 	C:\WINDOWS\SYSTEM32\VERSION.dll
0x00007ff9db940000 - 0x00007ff9db975000 	C:\WINDOWS\SYSTEM32\WINMM.dll
0x00007ff9e3d00000 - 0x00007ff9e3d14000 	C:\WINDOWS\SYSTEM32\UMPDC.dll
0x00007ff9e2bb0000 - 0x00007ff9e2bcb000 	C:\WINDOWS\SYSTEM32\kernel.appcore.dll
0x00007ff9d0a30000 - 0x00007ff9d0a3a000 	C:\Users\21677\.jdks\ms-21.0.9\bin\jimage.dll
0x00007ff9e1e00000 - 0x00007ff9e2042000 	C:\WINDOWS\SYSTEM32\DBGHELP.DLL
0x00007ff9e7040000 - 0x00007ff9e73c2000 	C:\WINDOWS\System32\combase.dll
0x00007ff9e6740000 - 0x00007ff9e6817000 	C:\WINDOWS\System32\OLEAUT32.dll
0x00007ff9c0690000 - 0x00007ff9c06cb000 	C:\WINDOWS\SYSTEM32\dbgcore.DLL
0x00007ff9e4000000 - 0x00007ff9e40a5000 	C:\WINDOWS\System32\bcryptPrimitives.dll
0x00007ff9c8b10000 - 0x00007ff9c8b31000 	C:\Users\21677\.jdks\ms-21.0.9\bin\java.dll

JVMTI agents: none

dbghelp: loaded successfully - version: 4.0.5 - missing functions: none
symbol engine: initialized successfully - sym options: 0x614 - pdb path: .;C:\Users\21677\.jdks\ms-21.0.9\bin;C:\WINDOWS\SYSTEM32;C:\WINDOWS\WinSxS\amd64_microsoft.windows.common-controls_6595b64144ccf1df_6.0.26100.7922_none_3e089e1ee3342171;C:\Users\21677\.jdks\ms-21.0.9\bin\server

VM Arguments:
java_command: C:\Users\21677\AppData\Local\Temp\surefire4289449492210085077\surefirebooter-20260306215253139_3.jar C:\Users\21677\AppData\Local\Temp\surefire4289449492210085077 2026-03-06T21-52-50_623-jvmRun1 surefire-20260306215253139_1tmp surefire_0-20260306215253139_2tmp
java_class_path (initial): C:\Users\21677\AppData\Local\Temp\surefire4289449492210085077\surefirebooter-20260306215253139_3.jar
Launcher Type: SUN_STANDARD

[Global flags]
     intx CICompilerCount                          = 12                                        {product} {ergonomic}
     uint ConcGCThreads                            = 3                                         {product} {ergonomic}
     uint G1ConcRefinementThreads                  = 13                                        {product} {ergonomic}
   size_t G1HeapRegionSize                         = 2097152                                   {product} {ergonomic}
    uintx GCDrainStackTargetSize                   = 64                                        {product} {ergonomic}
   size_t InitialHeapSize                          = 264241152                                 {product} {ergonomic}
   size_t MarkStackSize                            = 4194304                                   {product} {ergonomic}
   size_t MaxHeapSize                              = 4213178368                                {product} {ergonomic}
   size_t MinHeapDeltaBytes                        = 2097152                                   {product} {ergonomic}
   size_t MinHeapSize                              = 8388608                                   {product} {ergonomic}
    uintx NonNMethodCodeHeapSize                   = 7602480                                {pd product} {ergonomic}
    uintx NonProfiledCodeHeapSize                  = 122027880                              {pd product} {ergonomic}
    uintx ProfiledCodeHeapSize                     = 122027880                              {pd product} {ergonomic}
    uintx ReservedCodeCacheSize                    = 251658240                              {pd product} {ergonomic}
     bool SegmentedCodeCache                       = true                                      {product} {ergonomic}
   size_t SoftMaxHeapSize                          = 4213178368                             {manageable} {ergonomic}
     bool UseCompressedOops                        = true                           {product lp64_product} {ergonomic}
     bool UseG1GC                                  = true                                      {product} {ergonomic}
     bool UseLargePagesIndividualAllocation        = false                                  {pd product} {ergonomic}

Logging:
Log output configuration:
 #0: stdout all=warning uptime,level,tags foldmultilines=false
 #1: stderr all=off uptime,level,tags foldmultilines=false

Release file:
<release file has not been read>
Environment Variables:
JAVA_HOME=E:\jdk1.8
PATH=E:\jdk1.8\bin;c:\Users\21677\AppData\Local\Programs\cursor\resources\app\bin;D:\oracle11\product\11.2.0\dbhome_1\bin;E:\app\21677\product\11.2.0\dbhome_1\bin;C:\Windows\system32;C:\Windows;C:\Windows\System32\Wbem;C:\Windows\System32\WindowsPowerShell\v1.0\;C:\Windows\System32\OpenSSH\;C:\Program Files\dotnet\;C:\Program Files\NVIDIA Corporation\NVIDIA NvDLISR;C:\Program Files (x86)\NVIDIA Corporation\PhysX\Common;C:\Program Files\Bandizip\;E:\tomcat\apache-tomcat-8.5.81\bin;D:\MySQL\server\bin;D:\Xshell 7\;D:\Xftp 7\;E:\nodejs;C:\WINDOWS\system32;C:\WINDOWS;C:\WINDOWS\System32\Wbem;C:\WINDOWS\System32\WindowsPowerShell\v1.0\;C:\WINDOWS\System32\OpenSSH\;D:\MySQL\shell\bin\;E:\python1\Scripts\;E:\python1\;E:\python\Scripts\;E:\python\;C:\Users\21677\AppData\Local\Microsoft\WindowsApps;E:\python1\PyCharm Community Edition 2023.1.1\bin;E:\idea\IntelliJ IDEA 2023.2.4\bin;C:\;C:\Program Files\Microsoft SQL Server\150\Tools\Binn\;C:\Program Files\Microsoft SQL Server\Client SDK\ODBC\170\Tools\Binn\;C:\Program Files\Microsoft SQL Server\130\Tools\Binn\;C:\Program Files (x86)\Microsoft SQL Server\160\Tools\Binn\;C:\Program Files\Microsoft SQL Server\160\Tools\Binn\;C:\Program Files\Microsoft SQL Server\160\DTS\Binn\;C:\Program Files (x86)\Microsoft SQL Server\160\DTS\Binn\;E:\node\;E:\MinGW\bin;C:\Program Files\Git\cmd;E:\apache-maven-3.9.4-bin\apache-maven-3.9.4\bin;E:\mysql-8.0.34-winx64\bin;E:\python1\Scripts\;E:\python1\;E:\python\Scripts\;E:\python\;C:\Users\21677\AppData\Local\Microsoft\WindowsApps;E:\python1\PyCharm Community Edition 2023.1.1\bin;;E:\vscode\Microsoft VS Code\bin;E:\idea\IntelliJ IDEA 2023.2.4\bin;;C:\Program Files\MySQL;E:\jdk1.8\bin;E:\jdk1.8\jre\bin;D:\oracle11\product\11.2.0\dbhome_1\bin;C:\Users\21677\.dotnet\tools;C:\Users\21677\AppData\Local\Programs\cursor\resources\app\bin;E:\nodejs;C:\Users\21677\AppData\Roaming\npm;E:\DataGrip\DataGrip 2024.1.1\bin;;D:\windsurf\Windsurf\bin
USERNAME=21677
OS=Windows_NT
PROCESSOR_IDENTIFIER=Intel64 Family 6 Model 154 Stepping 3, GenuineIntel
TMP=C:\Users\21677\AppData\Local\Temp
TEMP=C:\Users\21677\AppData\Local\Temp




Periodic native trim disabled

---------------  S Y S T E M  ---------------

OS:
 Windows 11 , 64 bit Build 26100 (10.0.26100.7920)
OS uptime: 0 days 3:01 hours

CPU: total 16 (initial active 16) (8 cores per cpu, 2 threads per core) family 6 model 154 stepping 3 microcode 0x43b, cx8, cmov, fxsr, ht, mmx, 3dnowpref, sse, sse2, sse3, ssse3, sse4.1, sse4.2, popcnt, lzcnt, tsc, tscinvbit, avx, avx2, aes, erms, clmul, bmi1, bmi2, adx, sha, fma, vzeroupper, clflush, clflushopt, clwb, serialize, rdtscp, rdpid, fsrm, f16c, pku, cet_ibt, cet_ss
Processor Information for processor 0
  Max Mhz: 2500, Current Mhz: 2500, Mhz Limit: 2500
Processor Information for processor 1
  Max Mhz: 2500, Current Mhz: 2500, Mhz Limit: 2500
Processor Information for processor 2
  Max Mhz: 2500, Current Mhz: 2500, Mhz Limit: 2500
Processor Information for processor 3
  Max Mhz: 2500, Current Mhz: 2500, Mhz Limit: 2500
Processor Information for processor 4
  Max Mhz: 2500, Current Mhz: 2500, Mhz Limit: 2500
Processor Information for processor 5
  Max Mhz: 2500, Current Mhz: 2500, Mhz Limit: 2500
Processor Information for processor 6
  Max Mhz: 2500, Current Mhz: 2500, Mhz Limit: 2500
Processor Information for processor 7
  Max Mhz: 2500, Current Mhz: 2500, Mhz Limit: 2500
Processor Information for processor 8
  Max Mhz: 2500, Current Mhz: 1527, Mhz Limit: 2500
Processor Information for processor 9
  Max Mhz: 2500, Current Mhz: 2500, Mhz Limit: 2500
Processor Information for processor 10
  Max Mhz: 2500, Current Mhz: 1527, Mhz Limit: 2500
Processor Information for processor 11
  Max Mhz: 2500, Current Mhz: 2500, Mhz Limit: 2500
Processor Information for processor 12
  Max Mhz: 2500, Current Mhz: 1527, Mhz Limit: 2500
Processor Information for processor 13
  Max Mhz: 2500, Current Mhz: 2500, Mhz Limit: 2500
Processor Information for processor 14
  Max Mhz: 2500, Current Mhz: 1527, Mhz Limit: 2500
Processor Information for processor 15
  Max Mhz: 2500, Current Mhz: 1527, Mhz Limit: 2500

Memory: 4k page, system-wide physical 16068M (674M free)
TotalPageFile size 36039M (AvailPageFile size 135M)
current process WorkingSet (physical memory assigned to process): 13M, peak: 13M
current process commit charge ("private bytes"): 71M, peak: 323M

vm_info: OpenJDK 64-Bit Server VM (21.0.9+10-LTS) for windows-amd64 JRE (21.0.9+10-LTS), built on 2025-10-13T22:04:36Z by "MicrosoftCorporation" with unknown MS VC++:1944

END.
